2020-01-13 00:53:50,747-INFO-crowd_counting_server.py:222 presenter server is starting...
2020-01-13 01:00:14,734-INFO-crowd_counting_server.py:222 presenter server is starting...
2020-01-13 01:00:56,100-INFO-crowd_counting_server.py:222 presenter server is starting...
2020-01-13 01:00:56,101-INFO-presenter_server.py:79 presenter server starting, type: crowd_counting
2020-01-13 01:10:25,108-INFO-crowd_counting_server.py:222 presenter server is starting...
2020-01-13 01:10:25,109-INFO-presenter_server.py:79 presenter server starting, type: crowd_counting
2020-01-13 01:33:51,809-INFO-crowd_counting_server.py:222 presenter server is starting...
2020-01-13 01:33:51,811-INFO-presenter_server.py:79 presenter server starting, type: crowd_counting
2020-01-13 02:23:39,739-INFO-crowd_counting_server.py:222 presenter server is starting...
2020-01-13 02:23:39,740-INFO-presenter_server.py:79 presenter server starting, type: crowd_counting
2020-01-13 02:23:46,731-INFO-presenter_socket_server.py:255 create new connection:client-ip:192.168.1.2, client-port:48778, fd:10
2020-01-13 02:23:46,830-ERROR-presenter_socket_server.py:354 channel name video is not exist.
2020-01-13 02:23:46,830-INFO-channel_manager.py:216 register channel: video
2020-01-13 02:23:46,831-INFO-channel_handler.py:215 create videothread-video...
2020-01-13 02:23:46,831-INFO-channel_manager.py:127 create channel resource, channel_name:video, channel_fd:10, media_type:video
2020-01-13 02:24:23,288-ERROR-presenter_socket_server.py:142 socket 10 receive msg head null
2020-01-13 02:24:23,289-ERROR-presenter_socket_server.py:204 msg_total_len is None.
2020-01-13 02:24:23,289-INFO-crowd_counting_server.py:60 clean fd:10, conns:{10: <socket.socket fd=10, family=AddressFamily.AF_INET, type=SocketKind.SOCK_STREAM, proto=0, laddr=('192.168.1.123', 7006), raddr=('192.168.1.2', 48778)>}
2020-01-13 02:24:23,289-INFO-channel_handler.py:124 videothread-video set _close_thread_switch True
2020-01-13 02:24:23,289-INFO-channel_manager.py:139 clean channel: video's resource
2020-01-13 02:24:23,289-INFO-channel_handler.py:226 Stop thread:videothread-video.
2020-01-13 02:25:42,224-INFO-presenter_socket_server.py:255 create new connection:client-ip:192.168.1.2, client-port:48780, fd:10
2020-01-13 02:25:42,324-INFO-channel_handler.py:215 create videothread-video...
2020-01-13 02:25:42,324-INFO-channel_manager.py:127 create channel resource, channel_name:video, channel_fd:10, media_type:video
2020-01-13 02:26:00,075-ERROR-presenter_socket_server.py:142 socket 10 receive msg head null
2020-01-13 02:26:00,075-ERROR-presenter_socket_server.py:204 msg_total_len is None.
2020-01-13 02:26:00,075-INFO-crowd_counting_server.py:60 clean fd:10, conns:{10: <socket.socket fd=10, family=AddressFamily.AF_INET, type=SocketKind.SOCK_STREAM, proto=0, laddr=('192.168.1.123', 7006), raddr=('192.168.1.2', 48780)>}
2020-01-13 02:26:00,076-INFO-channel_handler.py:124 videothread-video set _close_thread_switch True
2020-01-13 02:26:00,076-INFO-channel_manager.py:139 clean channel: video's resource
2020-01-13 02:26:00,076-INFO-channel_handler.py:226 Stop thread:videothread-video.
2020-01-14 19:20:41,600-INFO-crowd_counting_server.py:222 presenter server is starting...
2020-01-14 19:20:41,606-INFO-presenter_server.py:79 presenter server starting, type: crowd_counting
2020-01-14 23:50:10,607-INFO-crowd_counting_server.py:222 presenter server is starting...
2020-01-14 23:51:53,509-INFO-crowd_counting_server.py:222 presenter server is starting...
2020-01-14 23:51:53,510-INFO-presenter_server.py:79 presenter server starting, type: crowd_counting
